#
# There is insufficient memory for the Java Runtime Environment to continue.
# Native memory allocation (malloc) failed to allocate 1048576 bytes for AllocateHeap
# Possible reasons:
#   The system is out of physical RAM or swap space
#   The process is running with CompressedOops enabled, and the Java Heap may be blocking the growth of the native heap
# Possible solutions:
#   Reduce memory load on the system
#   Increase physical memory or swap space
#   Check if swap backing store is full
#   Decrease Java heap size (-Xmx/-Xms)
#   Decrease number of Java threads
#   Decrease Java thread stack sizes (-Xss)
#   Set larger code cache with -XX:ReservedCodeCacheSize=
#   JVM is running with Zero Based Compressed Oops mode in which the Java heap is
#     placed in the first 32GB address space. The Java Heap base address is the
#     maximum limit for the native heap growth. Please use -XX:HeapBaseMinAddress
#     to set the Java Heap base and to place the Java Heap above 32GB virtual address.
# This output file may be truncated or incomplete.
#
#  Out of Memory Error (memory/allocation.inline.hpp:61), pid=21492, tid=0x00000000000050f8
#
# JRE version:  (8.0) (build )
# Java VM: OpenJDK 64-Bit Server VM (25.71-b00 mixed mode windows-amd64 compressed oops)
# Failed to write core dump. Minidumps are not enabled by default on client versions of Windows
#

---------------  T H R E A D  ---------------

Current thread (0x000000000239e800):  JavaThread "Unknown thread" [_thread_in_vm, id=20728, stack(0x0000000002280000,0x0000000002380000)]

Stack: [0x0000000002280000,0x0000000002380000]
[error occurred during error reporting (printing stack bounds), id 0xc0000005]

Native frames: (J=compiled Java code, j=interpreted, Vv=VM code, C=native code)


---------------  P R O C E S S  ---------------

Java Threads: ( => current thread )

Other Threads:

=>0x000000000239e800 (exited) JavaThread "Unknown thread" [_thread_in_vm, id=20728, stack(0x0000000002280000,0x0000000002380000)]

VM state:not at safepoint (normal execution)

VM Mutex/Monitor currently owned by a thread: None

heap address: 0x00000006c1e00000, size: 4066 MB, Compressed Oops mode: Zero based, Oop shift amount: 3
Narrow klass base: 0x0000000000000000, Narrow klass shift: 3
Compressed class space size: 1073741824 Address: 0x00000007c0000000

Heap:
 PSYoungGen      total 76288K, used 1310K [0x000000076b500000, 0x0000000770a00000, 0x00000007c0000000)
  eden space 65536K, 2% used [0x000000076b500000,0x000000076b647af0,0x000000076f500000)
  from space 10752K, 0% used [0x000000076ff80000,0x000000076ff80000,0x0000000770a00000)
  to   space 10752K, 0% used [0x000000076f500000,0x000000076f500000,0x000000076ff80000)
 ParOldGen       total 175104K, used 0K [0x00000006c1e00000, 0x00000006cc900000, 0x000000076b500000)
  object space 175104K, 0% used [0x00000006c1e00000,0x00000006c1e00000,0x00000006cc900000)
 Metaspace       used 777K, capacity 4480K, committed 4480K, reserved 1056768K
  class space    used 74K, capacity 384K, committed 384K, reserved 1048576K

Card table byte_map: [0x0000000011940000,0x0000000012140000] byte_map_base: 0x000000000e331000

Marking Bits: (ParMarkBitMap*) 0x00000000512f8f30
 Begin Bits: [0x0000000012e90000, 0x0000000016e18000)
 End Bits:   [0x0000000016e18000, 0x000000001ada0000)

Polling page: 0x0000000000670000

CodeCache: size=245760Kb used=328Kb max_used=328Kb free=245431Kb
 bounds [0x0000000002580000, 0x00000000027f0000, 0x0000000011580000]
 total_blobs=57 nmethods=0 adapters=38
 compilation: enabled

Compilation events (0 events):
No events

GC Heap History (0 events):
No events

Deoptimization events (0 events):
No events

Classes redefined (0 events):
No events

Internal exceptions (0 events):
No events

Events (10 events):
Event: 0.018 loading class java/lang/Short
Event: 0.018 loading class java/lang/Short done
Event: 0.018 loading class java/lang/Integer
Event: 0.019 loading class java/lang/Integer done
Event: 0.019 loading class java/lang/Long
Event: 0.019 loading class java/lang/Long done
Event: 0.019 loading class java/lang/NullPointerException
Event: 0.019 loading class java/lang/NullPointerException done
Event: 0.019 loading class java/lang/ArithmeticException
Event: 0.019 loading class java/lang/ArithmeticException done


Dynamic libraries:
0x00007ff7bcc90000 - 0x00007ff7bccc5000 	C:\Program Files\Android\Jdk\microsoft_dist_openjdk_1.8.0.25\bin\java.exe
0x00007fffa6060000 - 0x00007fffa6250000 	C:\WINDOWS\SYSTEM32\ntdll.dll
0x00007fffa4120000 - 0x00007fffa41d2000 	C:\WINDOWS\System32\KERNEL32.DLL
0x00007fffa3b50000 - 0x00007fffa3df5000 	C:\WINDOWS\System32\KERNELBASE.dll
0x00007fffa5be0000 - 0x00007fffa5c83000 	C:\WINDOWS\System32\ADVAPI32.dll
0x00007fffa4770000 - 0x00007fffa480e000 	C:\WINDOWS\System32\msvcrt.dll
0x00007fffa4870000 - 0x00007fffa4907000 	C:\WINDOWS\System32\sechost.dll
0x00007fffa5830000 - 0x00007fffa594f000 	C:\WINDOWS\System32\RPCRT4.dll
0x00007fffa5df0000 - 0x00007fffa5f84000 	C:\WINDOWS\System32\USER32.dll
0x00007fffa3fd0000 - 0x00007fffa3ff1000 	C:\WINDOWS\System32\win32u.dll
0x00007fffa5c90000 - 0x00007fffa5cb6000 	C:\WINDOWS\System32\GDI32.dll
0x00007fffa3990000 - 0x00007fffa3b28000 	C:\WINDOWS\System32\gdi32full.dll
0x00007fffa3e30000 - 0x00007fffa3ece000 	C:\WINDOWS\System32\msvcp_win.dll
0x00007fffa3ed0000 - 0x00007fffa3fca000 	C:\WINDOWS\System32\ucrtbase.dll
0x00007fff913a0000 - 0x00007fff91624000 	C:\WINDOWS\WinSxS\amd64_microsoft.windows.common-controls_6595b64144ccf1df_6.0.18362.1316_none_9e7a364fe461dbd7\COMCTL32.dll
0x00007fffa51c0000 - 0x00007fffa54f7000 	C:\WINDOWS\System32\combase.dll
0x00007fffa2fe0000 - 0x00007fffa3061000 	C:\WINDOWS\System32\bcryptPrimitives.dll
0x00007fffa5f90000 - 0x00007fffa5fbe000 	C:\WINDOWS\System32\IMM32.DLL
0x0000000051380000 - 0x0000000051451000 	C:\Program Files\Android\Jdk\microsoft_dist_openjdk_1.8.0.25\jre\bin\msvcr100.dll
0x0000000050b30000 - 0x0000000051375000 	C:\Program Files\Android\Jdk\microsoft_dist_openjdk_1.8.0.25\jre\bin\server\jvm.dll
0x00007fffa4110000 - 0x00007fffa4118000 	C:\WINDOWS\System32\PSAPI.DLL
0x00007fff94b10000 - 0x00007fff94b19000 	C:\WINDOWS\SYSTEM32\WSOCK32.dll
0x00007fff973f0000 - 0x00007fff97414000 	C:\WINDOWS\SYSTEM32\WINMM.dll
0x00007fff9c760000 - 0x00007fff9c76a000 	C:\WINDOWS\SYSTEM32\VERSION.dll
0x00007fffa57c0000 - 0x00007fffa582f000 	C:\WINDOWS\System32\WS2_32.dll
0x00007fff973c0000 - 0x00007fff973ed000 	C:\WINDOWS\SYSTEM32\WINMMBASE.dll
0x00007fffa3940000 - 0x00007fffa398a000 	C:\WINDOWS\System32\cfgmgr32.dll
0x00007fff9e4a0000 - 0x00007fff9e4af000 	C:\Program Files\Android\Jdk\microsoft_dist_openjdk_1.8.0.25\jre\bin\verify.dll
0x00007fff95ab0000 - 0x00007fff95ad9000 	C:\Program Files\Android\Jdk\microsoft_dist_openjdk_1.8.0.25\jre\bin\java.dll
0x00007fff9c190000 - 0x00007fff9c1a6000 	C:\Program Files\Android\Jdk\microsoft_dist_openjdk_1.8.0.25\jre\bin\zip.dll

VM Arguments:
java_command: com.xamarin.androidx.jetifierWrapper.Main -intermediate obj\Debug\90\androidx\_AndroidXJetifyEmbeddedFiles.jetify -parallel
java_class_path (initial): C:\Users\vgibault\.nuget\packages\xamarin.androidx.migration\1.0.7.1\buildTransitive\monoandroid90\Tools/JetifierWrapper/jetifierWrapper-1.0.jar
Launcher Type: SUN_STANDARD

Environment Variables:
PATH=C:\Program Files\Android\Jdk\microsoft_dist_openjdk_1.8.0.25\bin;C:\app\dchotard\product\12.1.0\dbhome_1\bin;C:\Program Files\Intel\iCLS Client\;C:\Windows\system32;C:\Windows;C:\Windows\System32\Wbem;C:\Windows\System32\WindowsPowerShell\v1.0\;C:\Program Files (x86)\NVIDIA Corporation\PhysX\Common;C:\Program Files\dotnet\;C:\Program Files\Microsoft SQL Server\130\Tools\Binn\;C:\Program Files (x86)\WinMerge;C:\Program Files (x86)\Microsoft SQL Server\Client SDK\ODBC\130\Tools\Binn\;C:\Program Files (x86)\Microsoft SQL Server\140\Tools\Binn\;C:\Program Files (x86)\Microsoft SQL Server\140\DTS\Binn\;C:\Program Files (x86)\Microsoft SQL Server\140\Tools\Binn\ManagementStudio\;C:\Program Files\Git\cmd;C:\WINDOWS\system32;C:\WINDOWS;C:\WINDOWS\System32\Wbem;C:\WINDOWS\System32\WindowsPowerShell\v1.0\;C:\WINDOWS\System32\OpenSSH\;C:\Program Files\TortoiseSVN\bin;C:\Program Files\TortoiseGit\bin;C:\Program Files (x86)\Intel\Intel(R) Management Engine Components\DAL;C:\Program Files\Intel\Intel(R) Management Engine Components\DAL;C:\Program Files\Microsoft SQL Server\Client SDK\ODBC\170\Tools\Binn\;C:\Program Files\Intel\WiFi\bin\;C:\Program Files\Common Files\Intel\WirelessCommon\;C:\Users\vgibault\AppData\Local\Microsoft\WindowsApps;C:\Users\vgibault\AppData\Local\Programs\Azure Data Studio\bin;C:\Users\vgibault\.dotnet\tools;C:\Users\vgibault\AppData\Local\gitkraken\bin
USERNAME=vgibault
OS=Windows_NT
PROCESSOR_IDENTIFIER=Intel64 Family 6 Model 158 Stepping 9, GenuineIntel



---------------  S Y S T E M  ---------------

OS: Windows 10.0 , 64 bit Build 18362 (10.0.18362.1316)

CPU:total 8 (initial active 8) (4 cores per cpu, 2 threads per core) family 6 model 158 stepping 9, cmov, cx8, fxsr, mmx, sse, sse2, sse3, ssse3, sse4.1, sse4.2, popcnt, avx, avx2, aes, clmul, erms, rtm, 3dnowpref, lzcnt, ht, tsc, tscinvbit, bmi1, bmi2, adx

Memory: 4k page, physical 16651692k(3247360k free), swap 16651692k(5896k free)

vm_info: OpenJDK 64-Bit Server VM (25.71-b00) for windows-amd64 JRE (1.8.0-25-microsoft-b00), built on Feb  7 2019 20:09:14 by "builder" with MS VC++ 10.0 (VS2010)

time: Mon Feb 15 10:36:36 2021
timezone: Paris, Madrid
elapsed time: 0 seconds (0d 0h 0m 0s)

