#
# There is insufficient memory for the Java Runtime Environment to continue.
# Native memory allocation (malloc) failed to allocate 262160 bytes for Chunk::new
# Possible reasons:
#   The system is out of physical RAM or swap space
#   The process is running with CompressedOops enabled, and the Java Heap may be blocking the growth of the native heap
# Possible solutions:
#   Reduce memory load on the system
#   Increase physical memory or swap space
#   Check if swap backing store is full
#   Decrease Java heap size (-Xmx/-Xms)
#   Decrease number of Java threads
#   Decrease Java thread stack sizes (-Xss)
#   Set larger code cache with -XX:ReservedCodeCacheSize=
#   JVM is running with Unscaled Compressed Oops mode in which the Java heap is
#     placed in the first 4GB address space. The Java Heap base address is the
#     maximum limit for the native heap growth. Please use -XX:HeapBaseMinAddress
#     to set the Java Heap base and to place the Java Heap above 4GB virtual address.
# This output file may be truncated or incomplete.
#
#  Out of Memory Error (allocation.cpp:389), pid=20536, tid=0x0000000000005520
#
# JRE version: OpenJDK Runtime Environment (8.0) (build 1.8.0-25-microsoft-b00)
# Java VM: OpenJDK 64-Bit Server VM (25.71-b00 mixed mode windows-amd64 compressed oops)
# Failed to write core dump. Minidumps are not enabled by default on client versions of Windows
#

---------------  T H R E A D  ---------------

Current thread (0x00000000178be800):  JavaThread "C2 CompilerThread1" daemon [_thread_in_native, id=21792, stack(0x00000000182b0000,0x00000000183b0000)]

Stack: [0x00000000182b0000,0x00000000183b0000]
[error occurred during error reporting (printing stack bounds), id 0xc0000005]

Native frames: (J=compiled Java code, j=interpreted, Vv=VM code, C=native code)


Current CompileTask:
C2:   5571 4754 %     4       com.android.tools.r8.ir.regalloc.LinearScanRegisterAllocator::a @ 281 (930 bytes)


---------------  P R O C E S S  ---------------

Java Threads: ( => current thread )
  0x00000000188ac000 JavaThread "ForkJoinPool-1-worker-0" daemon [_thread_in_Java, id=11444, stack(0x000000001a280000,0x000000001a380000)]
  0x0000000018871000 JavaThread "ForkJoinPool-1-worker-3" daemon [_thread_in_Java, id=19936, stack(0x000000001a180000,0x000000001a280000)]
  0x0000000018870000 JavaThread "ForkJoinPool-1-worker-2" daemon [_thread_in_Java, id=22144, stack(0x000000001a080000,0x000000001a180000)]
  0x000000001885c800 JavaThread "ForkJoinPool-1-worker-1" daemon [_thread_in_Java, id=13692, stack(0x0000000019f80000,0x000000001a080000)]
  0x0000000017966000 JavaThread "Service Thread" daemon [_thread_blocked, id=888, stack(0x00000000185b0000,0x00000000186b0000)]
  0x00000000178d6800 JavaThread "C1 CompilerThread3" daemon [_thread_blocked, id=4092, stack(0x00000000184b0000,0x00000000185b0000)]
  0x00000000178c9000 JavaThread "C2 CompilerThread2" daemon [_thread_in_native, id=19584, stack(0x00000000183b0000,0x00000000184b0000)]
=>0x00000000178be800 JavaThread "C2 CompilerThread1" daemon [_thread_in_native, id=21792, stack(0x00000000182b0000,0x00000000183b0000)]
  0x00000000178b8800 JavaThread "C2 CompilerThread0" daemon [_thread_in_native, id=13244, stack(0x00000000181b0000,0x00000000182b0000)]
  0x00000000178b8000 JavaThread "Attach Listener" daemon [_thread_blocked, id=12700, stack(0x00000000180b0000,0x00000000181b0000)]
  0x00000000178b7000 JavaThread "Signal Dispatcher" daemon [_thread_blocked, id=8028, stack(0x0000000017fb0000,0x00000000180b0000)]
  0x00000000178b1000 JavaThread "Finalizer" daemon [_thread_blocked, id=19240, stack(0x0000000017d90000,0x0000000017e90000)]
  0x0000000015a8c000 JavaThread "Reference Handler" daemon [_thread_blocked, id=20508, stack(0x0000000017c90000,0x0000000017d90000)]
  0x0000000002cde800 JavaThread "main" [_thread_blocked, id=16804, stack(0x0000000002d70000,0x0000000002e70000)]

Other Threads:
  0x0000000015a88000 VMThread [stack: 0x0000000017790000,0x0000000017890000] [id=14240]
  0x000000001793f800 WatcherThread [stack: 0x00000000186b0000,0x00000000187b0000] [id=9952]

VM state:not at safepoint (normal execution)

VM Mutex/Monitor currently owned by a thread: None

heap address: 0x00000000c0000000, size: 1024 MB, Compressed Oops mode: 32-bit
Narrow klass base: 0x0000000000000000, Narrow klass shift: 3
Compressed class space size: 1073741824 Address: 0x0000000100000000

Heap:
 PSYoungGen      total 141824K, used 31017K [0x00000000eab00000, 0x00000000f8880000, 0x0000000100000000)
  eden space 131072K, 22% used [0x00000000eab00000,0x00000000ec7ba748,0x00000000f2b00000)
  from space 10752K, 14% used [0x00000000f2b00000,0x00000000f2c90000,0x00000000f3580000)
  to   space 21504K, 0% used [0x00000000f7380000,0x00000000f7380000,0x00000000f8880000)
 ParOldGen       total 175104K, used 80958K [0x00000000c0000000, 0x00000000cab00000, 0x00000000eab00000)
  object space 175104K, 46% used [0x00000000c0000000,0x00000000c4f0fbb8,0x00000000cab00000)
 Metaspace       used 16061K, capacity 17108K, committed 17408K, reserved 1064960K
  class space    used 1923K, capacity 2194K, committed 2304K, reserved 1048576K

Card table byte_map: [0x0000000012330000,0x0000000012540000] byte_map_base: 0x0000000011d30000

Marking Bits: (ParMarkBitMap*) 0x0000000051228f30
 Begin Bits: [0x0000000012ea0000, 0x0000000013ea0000)
 End Bits:   [0x0000000013ea0000, 0x0000000014ea0000)

Polling page: 0x0000000000bf0000

CodeCache: size=245760Kb used=15661Kb max_used=15661Kb free=230098Kb
 bounds [0x0000000002f70000, 0x0000000003f10000, 0x0000000011f70000]
 total_blobs=4591 nmethods=4239 adapters=263
 compilation: enabled

Compilation events (10 events):
Event: 5.517 Thread 0x00000000178d6800 5176       3       com.android.tools.r8.ir.optimize.j::a (299 bytes)
Event: 5.519 Thread 0x00000000178d6800 nmethod 5176 0x000000000348c010 code [0x000000000348c420, 0x000000000348e7e8]
Event: 5.520 Thread 0x00000000178d6800 5177       2       com.android.tools.r8.ir.analysis.type.ReferenceTypeLatticeElement::<init> (10 bytes)
Event: 5.520 Thread 0x00000000178d6800 nmethod 5177 0x000000000348bcd0 code [0x000000000348be20, 0x000000000348bf90]
Event: 5.520 Thread 0x00000000178d6800 5178       1       com.android.tools.r8.ir.optimize.info.p::f (5 bytes)
Event: 5.521 Thread 0x00000000178d6800 nmethod 5178 0x0000000003633f90 code [0x00000000036340e0, 0x00000000036341f0]
Event: 5.550 Thread 0x00000000178d6800 5181       3       com.android.tools.r8.s.a.a.b.W::a (43 bytes)
Event: 5.551 Thread 0x00000000178d6800 nmethod 5181 0x00000000036336d0 code [0x0000000003633860, 0x0000000003633d78]
Event: 5.567 Thread 0x00000000178d6800 5182       2       com.android.tools.r8.u.c.J::a (110 bytes)
Event: 5.568 Thread 0x00000000178d6800 nmethod 5182 0x00000000035ece10 code [0x00000000035ed020, 0x00000000035ed8e8]

GC Heap History (10 events):
Event: 4.960 GC heap before
{Heap before GC invocations=19 (full 0):
 PSYoungGen      total 141824K, used 133088K [0x00000000eab00000, 0x00000000f4000000, 0x0000000100000000)
  eden space 131072K, 100% used [0x00000000eab00000,0x00000000f2b00000,0x00000000f2b00000)
  from space 10752K, 18% used [0x00000000f3580000,0x00000000f3778000,0x00000000f4000000)
  to   space 10752K, 0% used [0x00000000f2b00000,0x00000000f2b00000,0x00000000f3580000)
 ParOldGen       total 175104K, used 74767K [0x00000000c0000000, 0x00000000cab00000, 0x00000000eab00000)
  object space 175104K, 42% used [0x00000000c0000000,0x00000000c4903eb8,0x00000000cab00000)
 Metaspace       used 16050K, capacity 17108K, committed 17408K, reserved 1064960K
  class space    used 1922K, capacity 2194K, committed 2304K, reserved 1048576K
Event: 4.963 GC heap after
Heap after GC invocations=19 (full 0):
 PSYoungGen      total 141824K, used 1824K [0x00000000eab00000, 0x00000000f4000000, 0x0000000100000000)
  eden space 131072K, 0% used [0x00000000eab00000,0x00000000eab00000,0x00000000f2b00000)
  from space 10752K, 16% used [0x00000000f2b00000,0x00000000f2cc8000,0x00000000f3580000)
  to   space 10752K, 0% used [0x00000000f3580000,0x00000000f3580000,0x00000000f4000000)
 ParOldGen       total 175104K, used 76190K [0x00000000c0000000, 0x00000000cab00000, 0x00000000eab00000)
  object space 175104K, 43% used [0x00000000c0000000,0x00000000c4a67bb8,0x00000000cab00000)
 Metaspace       used 16050K, capacity 17108K, committed 17408K, reserved 1064960K
  class space    used 1922K, capacity 2194K, committed 2304K, reserved 1048576K
}
Event: 5.114 GC heap before
{Heap before GC invocations=20 (full 0):
 PSYoungGen      total 141824K, used 132896K [0x00000000eab00000, 0x00000000f4000000, 0x0000000100000000)
  eden space 131072K, 100% used [0x00000000eab00000,0x00000000f2b00000,0x00000000f2b00000)
  from space 10752K, 16% used [0x00000000f2b00000,0x00000000f2cc8000,0x00000000f3580000)
  to   space 10752K, 0% used [0x00000000f3580000,0x00000000f3580000,0x00000000f4000000)
 ParOldGen       total 175104K, used 76190K [0x00000000c0000000, 0x00000000cab00000, 0x00000000eab00000)
  object space 175104K, 43% used [0x00000000c0000000,0x00000000c4a67bb8,0x00000000cab00000)
 Metaspace       used 16051K, capacity 17108K, committed 17408K, reserved 1064960K
  class space    used 1922K, capacity 2194K, committed 2304K, reserved 1048576K
Event: 5.118 GC heap after
Heap after GC invocations=20 (full 0):
 PSYoungGen      total 141824K, used 1120K [0x00000000eab00000, 0x00000000f4000000, 0x0000000100000000)
  eden space 131072K, 0% used [0x00000000eab00000,0x00000000eab00000,0x00000000f2b00000)
  from space 10752K, 10% used [0x00000000f3580000,0x00000000f3698000,0x00000000f4000000)
  to   space 10752K, 0% used [0x00000000f2b00000,0x00000000f2b00000,0x00000000f3580000)
 ParOldGen       total 175104K, used 77830K [0x00000000c0000000, 0x00000000cab00000, 0x00000000eab00000)
  object space 175104K, 44% used [0x00000000c0000000,0x00000000c4c01bb8,0x00000000cab00000)
 Metaspace       used 16051K, capacity 17108K, committed 17408K, reserved 1064960K
  class space    used 1922K, capacity 2194K, committed 2304K, reserved 1048576K
}
Event: 5.266 GC heap before
{Heap before GC invocations=21 (full 0):
 PSYoungGen      total 141824K, used 132192K [0x00000000eab00000, 0x00000000f4000000, 0x0000000100000000)
  eden space 131072K, 100% used [0x00000000eab00000,0x00000000f2b00000,0x00000000f2b00000)
  from space 10752K, 10% used [0x00000000f3580000,0x00000000f3698000,0x00000000f4000000)
  to   space 10752K, 0% used [0x00000000f2b00000,0x00000000f2b00000,0x00000000f3580000)
 ParOldGen       total 175104K, used 77830K [0x00000000c0000000, 0x00000000cab00000, 0x00000000eab00000)
  object space 175104K, 44% used [0x00000000c0000000,0x00000000c4c01bb8,0x00000000cab00000)
 Metaspace       used 16057K, capacity 17108K, committed 17408K, reserved 1064960K
  class space    used 1923K, capacity 2194K, committed 2304K, reserved 1048576K
Event: 5.269 GC heap after
Heap after GC invocations=21 (full 0):
 PSYoungGen      total 141824K, used 1376K [0x00000000eab00000, 0x00000000f4000000, 0x0000000100000000)
  eden space 131072K, 0% used [0x00000000eab00000,0x00000000eab00000,0x00000000f2b00000)
  from space 10752K, 12% used [0x00000000f2b00000,0x00000000f2c58000,0x00000000f3580000)
  to   space 10752K, 0% used [0x00000000f3580000,0x00000000f3580000,0x00000000f4000000)
 ParOldGen       total 175104K, used 78686K [0x00000000c0000000, 0x00000000cab00000, 0x00000000eab00000)
  object space 175104K, 44% used [0x00000000c0000000,0x00000000c4cd7bb8,0x00000000cab00000)
 Metaspace       used 16057K, capacity 17108K, committed 17408K, reserved 1064960K
  class space    used 1923K, capacity 2194K, committed 2304K, reserved 1048576K
}
Event: 5.405 GC heap before
{Heap before GC invocations=22 (full 0):
 PSYoungGen      total 141824K, used 132448K [0x00000000eab00000, 0x00000000f4000000, 0x0000000100000000)
  eden space 131072K, 100% used [0x00000000eab00000,0x00000000f2b00000,0x00000000f2b00000)
  from space 10752K, 12% used [0x00000000f2b00000,0x00000000f2c58000,0x00000000f3580000)
  to   space 10752K, 0% used [0x00000000f3580000,0x00000000f3580000,0x00000000f4000000)
 ParOldGen       total 175104K, used 78686K [0x00000000c0000000, 0x00000000cab00000, 0x00000000eab00000)
  object space 175104K, 44% used [0x00000000c0000000,0x00000000c4cd7bb8,0x00000000cab00000)
 Metaspace       used 16061K, capacity 17108K, committed 17408K, reserved 1064960K
  class space    used 1923K, capacity 2194K, committed 2304K, reserved 1048576K
Event: 5.409 GC heap after
Heap after GC invocations=22 (full 0):
 PSYoungGen      total 141824K, used 1504K [0x00000000eab00000, 0x00000000f4000000, 0x0000000100000000)
  eden space 131072K, 0% used [0x00000000eab00000,0x00000000eab00000,0x00000000f2b00000)
  from space 10752K, 13% used [0x00000000f3580000,0x00000000f36f8000,0x00000000f4000000)
  to   space 10752K, 0% used [0x00000000f2b00000,0x00000000f2b00000,0x00000000f3580000)
 ParOldGen       total 175104K, used 79838K [0x00000000c0000000, 0x00000000cab00000, 0x00000000eab00000)
  object space 175104K, 45% used [0x00000000c0000000,0x00000000c4df7bb8,0x00000000cab00000)
 Metaspace       used 16061K, capacity 17108K, committed 17408K, reserved 1064960K
  class space    used 1923K, capacity 2194K, committed 2304K, reserved 1048576K
}
Event: 5.542 GC heap before
{Heap before GC invocations=23 (full 0):
 PSYoungGen      total 141824K, used 132576K [0x00000000eab00000, 0x00000000f4000000, 0x0000000100000000)
  eden space 131072K, 100% used [0x00000000eab00000,0x00000000f2b00000,0x00000000f2b00000)
  from space 10752K, 13% used [0x00000000f3580000,0x00000000f36f8000,0x00000000f4000000)
  to   space 10752K, 0% used [0x00000000f2b00000,0x00000000f2b00000,0x00000000f3580000)
 ParOldGen       total 175104K, used 79838K [0x00000000c0000000, 0x00000000cab00000, 0x00000000eab00000)
  object space 175104K, 45% used [0x00000000c0000000,0x00000000c4df7bb8,0x00000000cab00000)
 Metaspace       used 16061K, capacity 17108K, committed 17408K, reserved 1064960K
  class space    used 1923K, capacity 2194K, committed 2304K, reserved 1048576K
Event: 5.546 GC heap after
Heap after GC invocations=23 (full 0):
 PSYoungGen      total 141824K, used 1600K [0x00000000eab00000, 0x00000000f8880000, 0x0000000100000000)
  eden space 131072K, 0% used [0x00000000eab00000,0x00000000eab00000,0x00000000f2b00000)
  from space 10752K, 14% used [0x00000000f2b00000,0x00000000f2c90000,0x00000000f3580000)
  to   space 21504K, 0% used [0x00000000f7380000,0x00000000f7380000,0x00000000f8880000)
 ParOldGen       total 175104K, used 80958K [0x00000000c0000000, 0x00000000cab00000, 0x00000000eab00000)
  object space 175104K, 46% used [0x00000000c0000000,0x00000000c4f0fbb8,0x00000000cab00000)
 Metaspace       used 16061K, capacity 17108K, committed 17408K, reserved 1064960K
  class space    used 1923K, capacity 2194K, committed 2304K, reserved 1048576K
}

Deoptimization events (10 events):
Event: 2.778 Thread 0x0000000018871000 Uncommon trap: reason=unstable_if action=reinterpret pc=0x0000000003812294 method=com.android.tools.r8.graph.d0.a([C)I @ 44
Event: 2.833 Thread 0x00000000188ac000 Uncommon trap: reason=unstable_if action=reinterpret pc=0x0000000003cc1fd0 method=com.android.tools.r8.v.a.a.a.f.e.equals(Ljava/lang/Object;)Z @ 33
Event: 3.177 Thread 0x0000000018870000 Uncommon trap: reason=unstable_if action=reinterpret pc=0x00000000037f64b4 method=com.android.tools.r8.ir.regalloc.a.compareTo(Ljava/lang/Object;)I @ 81
Event: 3.265 Thread 0x00000000188ac000 Uncommon trap: reason=unstable_if action=reinterpret pc=0x0000000003e2a5d0 method=com.android.tools.r8.v.a.a.a.f.x0$e.contains(Ljava/lang/Object;)Z @ 124
Event: 3.974 Thread 0x0000000018870000 Uncommon trap: reason=unstable_if action=reinterpret pc=0x0000000003e9e1b8 method=com.android.tools.r8.u.b.M0.b(Lcom/android/tools/r8/u/b/j1;)V @ 5
Event: 3.975 Thread 0x0000000018870000 Uncommon trap: reason=class_check action=maybe_recompile pc=0x00000000037a60d8 method=com.android.tools.r8.u.c.m.a(ILjava/util/List;Lcom/android/tools/r8/v/a/a/a/h/Q0;)Lcom/android/tools/r8/u/c/m; @ 10
Event: 3.984 Thread 0x0000000018870000 Uncommon trap: reason=unstable_if action=reinterpret pc=0x00000000032d6cb8 method=com.android.tools.r8.ir.optimize.k.a(Lcom/android/tools/r8/u/b/T;)V @ 165
Event: 4.142 Thread 0x00000000188ac000 Uncommon trap: reason=unstable_if action=reinterpret pc=0x000000000349817c method=java.util.Arrays.equals([Ljava/lang/Object;[Ljava/lang/Object;)Z @ 65
Event: 4.142 Thread 0x00000000188ac000 Uncommon trap: reason=unstable_if action=reinterpret pc=0x0000000003487550 method=java.util.Arrays.equals([Ljava/lang/Object;[Ljava/lang/Object;)Z @ 65
Event: 5.533 Thread 0x0000000018871000 Uncommon trap: reason=class_check action=maybe_recompile pc=0x0000000003e92c68 method=com.android.tools.r8.u.a.h.e.b(Lcom/android/tools/r8/u/b/d0;)V @ 379

Classes redefined (0 events):
No events

Internal exceptions (10 events):
Event: 0.643 Thread 0x0000000002cde800 Implicit null exception at 0x00000000031cc378 to 0x00000000031cc83d
Event: 1.485 Thread 0x0000000018871000 Exception <a 'java/lang/NoSuchMethodError': java.lang.Object.lambda$comparingInt$7b0bb60$1(Ljava/util/function/ToIntFunction;Ljava/lang/Object;Ljava/lang/Object;)I> (0x00000000f22a7408) thrown at [D:\j\worksp~1\openjd~3\jdk8u\hotspot\src\share\vm\interpre
Event: 1.485 Thread 0x0000000018870000 Exception <a 'java/lang/NoSuchMethodError': java.lang.Object.lambda$comparingInt$7b0bb60$1(Ljava/util/function/ToIntFunction;Ljava/lang/Object;Ljava/lang/Object;)I> (0x00000000f2031f90) thrown at [D:\j\worksp~1\openjd~3\jdk8u\hotspot\src\share\vm\interpre
Event: 1.486 Thread 0x000000001885c800 Exception <a 'java/lang/NoSuchMethodError': java.lang.Object.lambda$comparingInt$7b0bb60$1(Ljava/util/function/ToIntFunction;Ljava/lang/Object;Ljava/lang/Object;)I> (0x00000000f21a2a08) thrown at [D:\j\worksp~1\openjd~3\jdk8u\hotspot\src\share\vm\interpre
Event: 1.486 Thread 0x00000000188ac000 Exception <a 'java/lang/NoSuchMethodError': java.lang.Object.lambda$comparingInt$7b0bb60$1(Ljava/util/function/ToIntFunction;Ljava/lang/Object;Ljava/lang/Object;)I> (0x00000000f20cdcb8) thrown at [D:\j\worksp~1\openjd~3\jdk8u\hotspot\src\share\vm\interpre
Event: 1.487 Thread 0x00000000188ac000 Exception <a 'java/lang/NoSuchMethodError': java.lang.Object.lambda$maxBy$1(Ljava/util/Comparator;Ljava/lang/Object;Ljava/lang/Object;)Ljava/lang/Object;> (0x00000000f20d1820) thrown at [D:\j\worksp~1\openjd~3\jdk8u\hotspot\src\share\vm\interpreter\linkRe
Event: 1.487 Thread 0x0000000018871000 Exception <a 'java/lang/NoSuchMethodError': java.lang.Object.lambda$maxBy$1(Ljava/util/Comparator;Ljava/lang/Object;Ljava/lang/Object;)Ljava/lang/Object;> (0x00000000f22b3298) thrown at [D:\j\worksp~1\openjd~3\jdk8u\hotspot\src\share\vm\interpreter\linkRe
Event: 1.487 Thread 0x000000001885c800 Exception <a 'java/lang/NoSuchMethodError': java.lang.Object.lambda$maxBy$1(Ljava/util/Comparator;Ljava/lang/Object;Ljava/lang/Object;)Ljava/lang/Object;> (0x00000000f21ad260) thrown at [D:\j\worksp~1\openjd~3\jdk8u\hotspot\src\share\vm\interpreter\linkRe
Event: 1.487 Thread 0x0000000018870000 Exception <a 'java/lang/NoSuchMethodError': java.lang.Object.lambda$maxBy$1(Ljava/util/Comparator;Ljava/lang/Object;Ljava/lang/Object;)Ljava/lang/Object;> (0x00000000f22f19b8) thrown at [D:\j\worksp~1\openjd~3\jdk8u\hotspot\src\share\vm\interpreter\linkRe
Event: 1.532 Thread 0x0000000018870000 Implicit null exception at 0x000000000338f5ef to 0x000000000338f68d

Events (10 events):
Event: 5.533 Thread 0x0000000018871000 DEOPT PACKING pc=0x0000000003e92c68 sp=0x000000001a27e9b0
Event: 5.533 Thread 0x0000000018871000 DEOPT UNPACKING pc=0x0000000002fb557b sp=0x000000001a27e998 mode 2
Event: 5.533 Thread 0x00000000188ac000 DEOPT PACKING pc=0x00000000034bc4ee sp=0x000000001a37da20
Event: 5.533 Thread 0x00000000188ac000 DEOPT UNPACKING pc=0x0000000002fb75d0 sp=0x000000001a37d878 mode 0
Event: 5.542 Executing VM operation: ParallelGCFailedAllocation
Event: 5.546 Executing VM operation: ParallelGCFailedAllocation done
Event: 5.562 Thread 0x00000000188ac000 DEOPT PACKING pc=0x00000000037256e7 sp=0x000000001a37e4c0
Event: 5.562 Thread 0x00000000188ac000 DEOPT UNPACKING pc=0x0000000002fb75d0 sp=0x000000001a37e1e0 mode 0
Event: 5.565 Thread 0x0000000018871000 DEOPT PACKING pc=0x0000000003880230 sp=0x000000001a27e780
Event: 5.565 Thread 0x0000000018871000 DEOPT UNPACKING pc=0x0000000002fb75d0 sp=0x000000001a27e5d8 mode 0


Dynamic libraries:
0x00007ff77a460000 - 0x00007ff77a495000 	C:\Program Files\Android\Jdk\microsoft_dist_openjdk_1.8.0.25\bin\java.exe
0x00007fffa6060000 - 0x00007fffa6250000 	C:\WINDOWS\SYSTEM32\ntdll.dll
0x00007fffa4120000 - 0x00007fffa41d2000 	C:\WINDOWS\System32\KERNEL32.DLL
0x00007fffa3b50000 - 0x00007fffa3df5000 	C:\WINDOWS\System32\KERNELBASE.dll
0x00007fffa5be0000 - 0x00007fffa5c83000 	C:\WINDOWS\System32\ADVAPI32.dll
0x00007fffa4770000 - 0x00007fffa480e000 	C:\WINDOWS\System32\msvcrt.dll
0x00007fffa4870000 - 0x00007fffa4907000 	C:\WINDOWS\System32\sechost.dll
0x00007fffa5830000 - 0x00007fffa594f000 	C:\WINDOWS\System32\RPCRT4.dll
0x00007fffa5df0000 - 0x00007fffa5f84000 	C:\WINDOWS\System32\USER32.dll
0x00007fffa3fd0000 - 0x00007fffa3ff1000 	C:\WINDOWS\System32\win32u.dll
0x00007fffa5c90000 - 0x00007fffa5cb6000 	C:\WINDOWS\System32\GDI32.dll
0x00007fffa3990000 - 0x00007fffa3b28000 	C:\WINDOWS\System32\gdi32full.dll
0x00007fffa3e30000 - 0x00007fffa3ece000 	C:\WINDOWS\System32\msvcp_win.dll
0x00007fffa3ed0000 - 0x00007fffa3fca000 	C:\WINDOWS\System32\ucrtbase.dll
0x00007fff913a0000 - 0x00007fff91624000 	C:\WINDOWS\WinSxS\amd64_microsoft.windows.common-controls_6595b64144ccf1df_6.0.18362.1316_none_9e7a364fe461dbd7\COMCTL32.dll
0x00007fffa51c0000 - 0x00007fffa54f7000 	C:\WINDOWS\System32\combase.dll
0x00007fffa2fe0000 - 0x00007fffa3061000 	C:\WINDOWS\System32\bcryptPrimitives.dll
0x00007fffa5f90000 - 0x00007fffa5fbe000 	C:\WINDOWS\System32\IMM32.DLL
0x00000000527a0000 - 0x0000000052871000 	C:\Program Files\Android\Jdk\microsoft_dist_openjdk_1.8.0.25\jre\bin\msvcr100.dll
0x0000000050a60000 - 0x00000000512a5000 	C:\Program Files\Android\Jdk\microsoft_dist_openjdk_1.8.0.25\jre\bin\server\jvm.dll
0x00007fffa4110000 - 0x00007fffa4118000 	C:\WINDOWS\System32\PSAPI.DLL
0x00007fff94b10000 - 0x00007fff94b19000 	C:\WINDOWS\SYSTEM32\WSOCK32.dll
0x00007fff9c760000 - 0x00007fff9c76a000 	C:\WINDOWS\SYSTEM32\VERSION.dll
0x00007fff973f0000 - 0x00007fff97414000 	C:\WINDOWS\SYSTEM32\WINMM.dll
0x00007fffa57c0000 - 0x00007fffa582f000 	C:\WINDOWS\System32\WS2_32.dll
0x00007fff973c0000 - 0x00007fff973ed000 	C:\WINDOWS\SYSTEM32\winmmbase.dll
0x00007fffa3940000 - 0x00007fffa398a000 	C:\WINDOWS\System32\cfgmgr32.dll
0x00007fff975f0000 - 0x00007fff975ff000 	C:\Program Files\Android\Jdk\microsoft_dist_openjdk_1.8.0.25\jre\bin\verify.dll
0x00007fff966e0000 - 0x00007fff96709000 	C:\Program Files\Android\Jdk\microsoft_dist_openjdk_1.8.0.25\jre\bin\java.dll
0x00007fff96750000 - 0x00007fff96766000 	C:\Program Files\Android\Jdk\microsoft_dist_openjdk_1.8.0.25\jre\bin\zip.dll
0x00007fffa49e0000 - 0x00007fffa50c8000 	C:\WINDOWS\System32\SHELL32.dll
0x00007fffa46c0000 - 0x00007fffa4767000 	C:\WINDOWS\System32\shcore.dll
0x00007fffa31c0000 - 0x00007fffa393b000 	C:\WINDOWS\System32\windows.storage.dll
0x00007fffa2f20000 - 0x00007fffa2f43000 	C:\WINDOWS\System32\profapi.dll
0x00007fffa2f70000 - 0x00007fffa2fba000 	C:\WINDOWS\System32\powrprof.dll
0x00007fffa2f10000 - 0x00007fffa2f20000 	C:\WINDOWS\System32\UMPDC.dll
0x00007fffa5fc0000 - 0x00007fffa6012000 	C:\WINDOWS\System32\shlwapi.dll
0x00007fffa2f50000 - 0x00007fffa2f61000 	C:\WINDOWS\System32\kernel.appcore.dll
0x00007fffa3b30000 - 0x00007fffa3b47000 	C:\WINDOWS\System32\cryptsp.dll
0x00007fff96510000 - 0x00007fff9652a000 	C:\Program Files\Android\jdk\microsoft_dist_openjdk_1.8.0.25\jre\bin\net.dll
0x00007fffa26a0000 - 0x00007fffa2707000 	C:\WINDOWS\system32\mswsock.dll
0x00007fff96410000 - 0x00007fff96421000 	C:\Program Files\Android\jdk\microsoft_dist_openjdk_1.8.0.25\jre\bin\nio.dll

VM Arguments:
jvm_args: -Xmx1G 
java_command: com.android.tools.r8.D8 --debug --min-api 23 --output obj\Debug\90\android\bin\ --lib C:\Program Files (x86)\Android\android-sdk\platforms\android-28\android.jar obj\Debug\90\android\bin\classes.zip C:\Program Files (x86)\Microsoft Visual Studio\2019\Enterprise\Common7\IDE\ReferenceAssemblies\Microsoft\Framework\MonoAndroid\v9.0\mono.android.jar C:\Program Files (x86)\Microsoft Visual Studio\2019\Enterprise\MSBuild\Xamarin\Android\java_runtime_fastdev.jar obj\Debug\90\lp\0\jl\android.arch.core.common.jar obj\Debug\90\lp\1\jl\bin\classes.jar obj\Debug\90\lp\10\jl\com.android.support.collections.jar obj\Debug\90\lp\11\jl\bin\classes.jar obj\Debug\90\lp\12\jl\bin\classes.jar obj\Debug\90\lp\13\jl\bin\classes.jar obj\Debug\90\lp\14\jl\bin\classes.jar obj\Debug\90\lp\15\jl\bin\classes.jar obj\Debug\90\lp\16\jl\bin\classes.jar obj\Debug\90\lp\17\jl\bin\classes.jar obj\Debug\90\lp\18\jl\bin\classes.jar obj\Debug\90\lp\19\jl\bin\classes.jar obj\Debug\90\lp\2\jl\android.arch.lifecycle.common.jar obj\Debug\90\lp\20\jl\bin\classes.jar obj\Debug\90\lp\21\jl\bin\classes.jar obj\Debug\90\lp\22\jl\bin\classes.jar obj\Debug\90\lp\23\jl\bin\classes.jar obj\Debug\90\lp\24\jl\bin\classes.jar obj\Debug\90\lp\25\jl\bin\classes.jar obj\Debug\90\lp\26\jl\bin\classes.jar obj\Debug\90\lp\27\jl\bin\classes.jar obj\Debug\90\lp\28\jl\bin\classes.jar obj\Debug\90\lp\29\jl\bin\classes.jar obj\Debug\90\lp\3\jl\bin\classes.jar obj\Debug\90\lp\30\jl\bin\classes.jar obj\Debug\90\lp\31\jl\bin\classes.jar obj\Debug\90\lp\32\jl\bin\classes.jar obj\Debug\90\lp\33\jl\bin\classes.jar obj\Debug\90\lp\34\jl\bin\classes.jar obj\Debug\90\lp\4\jl\bin\classes.jar obj\Debug\90\lp\5\jl\bin\classes.jar obj\Debug\90\lp\6\jl\bin\classes.jar obj\Debug\90\lp\7\jl\bin\classes.jar obj\Debug\90\lp\8\jl\com.android.support.support-annotations.jar obj\Debug\90\lp\9\jl\bin\classes.jar
java_class_path (initial): C:\Program Files (x86)\Microsoft Visual Studio\2019\Enterprise\MSBuild\Xamarin\Android\r8.jar
Launcher Type: SUN_STANDARD

Environment Variables:
PATH=C:\Program Files\Android\Jdk\microsoft_dist_openjdk_1.8.0.25\bin;C:\app\dchotard\product\12.1.0\dbhome_1\bin;C:\Program Files\Intel\iCLS Client\;C:\Windows\system32;C:\Windows;C:\Windows\System32\Wbem;C:\Windows\System32\WindowsPowerShell\v1.0\;C:\Program Files (x86)\NVIDIA Corporation\PhysX\Common;C:\Program Files\dotnet\;C:\Program Files\Microsoft SQL Server\130\Tools\Binn\;C:\Program Files (x86)\WinMerge;C:\Program Files (x86)\Microsoft SQL Server\Client SDK\ODBC\130\Tools\Binn\;C:\Program Files (x86)\Microsoft SQL Server\140\Tools\Binn\;C:\Program Files (x86)\Microsoft SQL Server\140\DTS\Binn\;C:\Program Files (x86)\Microsoft SQL Server\140\Tools\Binn\ManagementStudio\;C:\Program Files\Git\cmd;C:\WINDOWS\system32;C:\WINDOWS;C:\WINDOWS\System32\Wbem;C:\WINDOWS\System32\WindowsPowerShell\v1.0\;C:\WINDOWS\System32\OpenSSH\;C:\Program Files\TortoiseSVN\bin;C:\Program Files\TortoiseGit\bin;C:\Program Files (x86)\Intel\Intel(R) Management Engine Components\DAL;C:\Program Files\Intel\Intel(R) Management Engine Components\DAL;C:\Program Files\Microsoft SQL Server\Client SDK\ODBC\170\Tools\Binn\;C:\Program Files\Intel\WiFi\bin\;C:\Program Files\Common Files\Intel\WirelessCommon\;C:\Users\vgibault\AppData\Local\Microsoft\WindowsApps;;C:\Users\vgibault\AppData\Local\Programs\Azure Data Studio\bin;C:\Users\vgibault\.dotnet\tools
USERNAME=vgibault
OS=Windows_NT
PROCESSOR_IDENTIFIER=Intel64 Family 6 Model 158 Stepping 9, GenuineIntel



---------------  S Y S T E M  ---------------

OS: Windows 10.0 , 64 bit Build 18362 (10.0.18362.1316)

CPU:total 8 (initial active 8) (4 cores per cpu, 2 threads per core) family 6 model 158 stepping 9, cmov, cx8, fxsr, mmx, sse, sse2, sse3, ssse3, sse4.1, sse4.2, popcnt, avx, avx2, aes, clmul, erms, rtm, 3dnowpref, lzcnt, ht, tsc, tscinvbit, bmi1, bmi2, adx

Memory: 4k page, physical 16651692k(2547692k free), swap 16651692k(5124k free)

vm_info: OpenJDK 64-Bit Server VM (25.71-b00) for windows-amd64 JRE (1.8.0-25-microsoft-b00), built on Feb  7 2019 20:09:14 by "builder" with MS VC++ 10.0 (VS2010)

time: Fri Feb 12 14:41:41 2021
timezone: Paris, Madrid
elapsed time: 5 seconds (0d 0h 0m 5s)

